<html>
<head>
<title>TestNG:  RunningOnChrome</title>
<link href="../testng.css" rel="stylesheet" type="text/css" />
<link href="../my-testng.css" rel="stylesheet" type="text/css" />

<style type="text/css">
.log { display: none;} 
.stack-trace { display: none;} 
</style>
<script type="text/javascript">
<!--
function flip(e) {
  current = e.style.display;
  if (current == 'block') {
    e.style.display = 'none';
    return 0;
  }
  else {
    e.style.display = 'block';
    return 1;
  }
}

function toggleBox(szDivId, elem, msg1, msg2)
{
  var res = -1;  if (document.getElementById) {
    res = flip(document.getElementById(szDivId));
  }
  else if (document.all) {
    // this is the way old msie versions work
    res = flip(document.all[szDivId]);
  }
  if(elem) {
    if(res == 0) elem.innerHTML = msg1; else elem.innerHTML = msg2;
  }

}

function toggleAllBoxes() {
  if (document.getElementsByTagName) {
    d = document.getElementsByTagName('div');
    for (i = 0; i < d.length; i++) {
      if (d[i].className == 'log') {
        flip(d[i]);
      }
    }
  }
}

// -->
</script>

</head>
<body>
<h2 align='center'>RunningOnChrome</h2><table border='1' align="center">
<tr>
<td>Tests passed/Failed/Skipped:</td><td>4/3/7</td>
</tr><tr>
<td>Started on:</td><td>Mon Sep 23 12:13:45 IST 2019</td>
</tr>
<tr><td>Total time:</td><td>197 seconds (197929 ms)</td>
</tr><tr>
<td>Included groups:</td><td></td>
</tr><tr>
<td>Excluded groups:</td><td></td>
</tr>
</table><p/>
<small><i>(Hover the method name to see the test class name)</i></small><p/>
<table width='100%' border='1' class='invocation-failed'>
<tr><td colspan='4' align='center'><b>FAILED TESTS</b></td></tr>
<tr><td><b>Test method</b></td>
<td width="30%"><b>Exception</b></td>
<td width="10%"><b>Time (seconds)</b></td>
<td><b>Instance</b></td>
</tr>
<tr>
<td title='AER.FMDP_Automation.tests.settings.generalSettings.GeneralSettingsTests.generalSetting_Add()'><b>generalSetting_Add</b><br>Test class: AER.FMDP_Automation.tests.settings.generalSettings.GeneralSettingsTests<br/>
<a href="#Output-1509728262" onClick='toggleBox("Output-1509728262", this, "Show output", "Hide output");'>Show output</a>

<a href="#Output-1509728262" onClick="toggleAllBoxes();">Show all outputs</a>
<div class='log' id="Output-1509728262">
Step 1 = Login to application at : http://172.25.50.64/account/login.aspx and loging in with correct credentails<br/>
Step 2 = Opening Menu & Navigating to Settings > General Settings<br/>
Step 3 = On General Settings page, adding details, uploading SFTP key and click on Save button<br/>
</div>
</td>
<td><div><pre>org.openqa.selenium.UnhandledAlertException: unexpected alert open: {Alert text : Run time is not greater than or equals to End time.}
  (Session info: chrome=77.0.3865.90)
  (Driver info: chromedriver=2.43.600210 (68dcf5eebde37173d4027fa8635e332711d2874a),platform=Windows NT 10.0.14393 x86_64) (WARNING: The server did not provide any stacktrace information)
Command duration or timeout: 0 milliseconds: null
Build info: version: &apos;3.14.0&apos;, revision: &apos;aacccce0&apos;, time: &apos;2018-08-02T20:19:58.91Z&apos;
System info: host: &apos;KALPESHT-W10&apos;, ip: &apos;172.25.50.55&apos;, os.name: &apos;Windows 10&apos;, os.arch: &apos;amd64&apos;, os.version: &apos;10.0&apos;, java.version: &apos;1.8.0_161&apos;
Driver info: org.openqa.selenium.chrome.ChromeDriver
Capabilities {acceptInsecureCerts: false, acceptSslCerts: false, applicationCacheEnabled: false, browserConnectionEnabled: false, browserName: chrome, chrome: {chromedriverVersion: 2.43.600210 (68dcf5eebde371..., userDataDir: C:\Users\kalpesht\AppData\L...}, cssSelectorsEnabled: true, databaseEnabled: false, goog:chromeOptions: {debuggerAddress: localhost:57776}, handlesAlerts: true, hasTouchScreen: false, javascriptEnabled: true, locationContextEnabled: true, mobileEmulationEnabled: false, nativeEvents: true, networkConnectionEnabled: false, pageLoadStrategy: normal, platform: XP, platformName: XP, rotatable: false, setWindowRect: true, takesHeapSnapshot: true, takesScreenshot: true, unexpectedAlertBehaviour: , unhandledPromptBehavior: , version: 77.0.3865.90, webStorageEnabled: true}
Session ID: 23686d9168669578ef37ed506a5f4b50
	at org.openqa.selenium.remote.ErrorHandler.createThrowable(ErrorHandler.java:214)
	at org.openqa.selenium.remote.ErrorHandler.throwIfResponseFailed(ErrorHandler.java:172)
	at org.openqa.selenium.remote.http.JsonHttpResponseCodec.reconstructValue(JsonHttpResponseCodec.java:40)
	at org.openqa.selenium.remote.http.AbstractHttpResponseCodec.decode(AbstractHttpResponseCodec.java:80)
	at org.openqa.selenium.remote.http.AbstractHttpResponseCodec.decode(AbstractHttpResponseCodec.java:44)
	at org.openqa.selenium.remote.HttpCommandExecutor.execute(HttpCommandExecutor.java:158)
	at org.openqa.selenium.remote.service.DriverCommandExecutor.execute(DriverCommandExecutor.java:83)
	at org.openqa.selenium.remote.RemoteWebDriver.execute(RemoteWebDriver.java:548)
	at org.openqa.selenium.remote.RemoteWebDriver.execute(RemoteWebDriver.java:605)
	at org.openqa.selenium.remote.RemoteWebDriver.getScreenshotAs(RemoteWebDriver.java:294)
	at utilities.SeleniumHelpers.takeScreenshot(SeleniumHelpers.java:34)
	at utilities.ExceptionHandler.TakeScreenshotAndLogException(ExceptionHandler.java:25)
	at AER.FMDP_Automation.tests.settings.generalSettings.GeneralSettingsTests.generalSetting_Add(GeneralSettingsTests.java:158)
	at java.util.concurrent.ThreadPoolExecutor.runWorker(ThreadPoolExecutor.java:1149)
	at java.util.concurrent.ThreadPoolExecutor$Worker.run(ThreadPoolExecutor.java:624)
	at java.lang.Thread.run(Thread.java:748)
... Removed 14 stack frames</pre></div><a href='#' onClick='toggleBox("stack-trace1509728262", this, "Click to show all stack frames", "Click to hide stack frames")'>Click to show all stack frames</a>
<div class='stack-trace' id='stack-trace1509728262'><pre>org.openqa.selenium.UnhandledAlertException: unexpected alert open: {Alert text : Run time is not greater than or equals to End time.}
  (Session info: chrome=77.0.3865.90)
  (Driver info: chromedriver=2.43.600210 (68dcf5eebde37173d4027fa8635e332711d2874a),platform=Windows NT 10.0.14393 x86_64) (WARNING: The server did not provide any stacktrace information)
Command duration or timeout: 0 milliseconds: null
Build info: version: &apos;3.14.0&apos;, revision: &apos;aacccce0&apos;, time: &apos;2018-08-02T20:19:58.91Z&apos;
System info: host: &apos;KALPESHT-W10&apos;, ip: &apos;172.25.50.55&apos;, os.name: &apos;Windows 10&apos;, os.arch: &apos;amd64&apos;, os.version: &apos;10.0&apos;, java.version: &apos;1.8.0_161&apos;
Driver info: org.openqa.selenium.chrome.ChromeDriver
Capabilities {acceptInsecureCerts: false, acceptSslCerts: false, applicationCacheEnabled: false, browserConnectionEnabled: false, browserName: chrome, chrome: {chromedriverVersion: 2.43.600210 (68dcf5eebde371..., userDataDir: C:\Users\kalpesht\AppData\L...}, cssSelectorsEnabled: true, databaseEnabled: false, goog:chromeOptions: {debuggerAddress: localhost:57776}, handlesAlerts: true, hasTouchScreen: false, javascriptEnabled: true, locationContextEnabled: true, mobileEmulationEnabled: false, nativeEvents: true, networkConnectionEnabled: false, pageLoadStrategy: normal, platform: XP, platformName: XP, rotatable: false, setWindowRect: true, takesHeapSnapshot: true, takesScreenshot: true, unexpectedAlertBehaviour: , unhandledPromptBehavior: , version: 77.0.3865.90, webStorageEnabled: true}
Session ID: 23686d9168669578ef37ed506a5f4b50
	at sun.reflect.NativeConstructorAccessorImpl.newInstance0(Native Method)
	at sun.reflect.NativeConstructorAccessorImpl.newInstance(NativeConstructorAccessorImpl.java:62)
	at sun.reflect.DelegatingConstructorAccessorImpl.newInstance(DelegatingConstructorAccessorImpl.java:45)
	at java.lang.reflect.Constructor.newInstance(Constructor.java:423)
	at org.openqa.selenium.remote.ErrorHandler.createThrowable(ErrorHandler.java:214)
	at org.openqa.selenium.remote.ErrorHandler.throwIfResponseFailed(ErrorHandler.java:172)
	at org.openqa.selenium.remote.http.JsonHttpResponseCodec.reconstructValue(JsonHttpResponseCodec.java:40)
	at org.openqa.selenium.remote.http.AbstractHttpResponseCodec.decode(AbstractHttpResponseCodec.java:80)
	at org.openqa.selenium.remote.http.AbstractHttpResponseCodec.decode(AbstractHttpResponseCodec.java:44)
	at org.openqa.selenium.remote.HttpCommandExecutor.execute(HttpCommandExecutor.java:158)
	at org.openqa.selenium.remote.service.DriverCommandExecutor.execute(DriverCommandExecutor.java:83)
	at org.openqa.selenium.remote.RemoteWebDriver.execute(RemoteWebDriver.java:548)
	at org.openqa.selenium.remote.RemoteWebDriver.execute(RemoteWebDriver.java:605)
	at org.openqa.selenium.remote.RemoteWebDriver.getScreenshotAs(RemoteWebDriver.java:294)
	at utilities.SeleniumHelpers.takeScreenshot(SeleniumHelpers.java:34)
	at utilities.ExceptionHandler.TakeScreenshotAndLogException(ExceptionHandler.java:25)
	at AER.FMDP_Automation.tests.settings.generalSettings.GeneralSettingsTests.generalSetting_Add(GeneralSettingsTests.java:158)
	at sun.reflect.NativeMethodAccessorImpl.invoke0(Native Method)
	at sun.reflect.NativeMethodAccessorImpl.invoke(NativeMethodAccessorImpl.java:62)
	at sun.reflect.DelegatingMethodAccessorImpl.invoke(DelegatingMethodAccessorImpl.java:43)
	at java.lang.reflect.Method.invoke(Method.java:498)
	at org.testng.internal.MethodInvocationHelper.invokeMethod(MethodInvocationHelper.java:124)
	at org.testng.internal.Invoker.invokeMethod(Invoker.java:583)
	at org.testng.internal.Invoker.invokeTestMethod(Invoker.java:719)
	at org.testng.internal.Invoker.invokeTestMethods(Invoker.java:989)
	at org.testng.internal.TestMethodWorker.invokeTestMethods(TestMethodWorker.java:125)
	at org.testng.internal.TestMethodWorker.run(TestMethodWorker.java:109)
	at java.util.concurrent.ThreadPoolExecutor.runWorker(ThreadPoolExecutor.java:1149)
	at java.util.concurrent.ThreadPoolExecutor$Worker.run(ThreadPoolExecutor.java:624)
	at java.lang.Thread.run(Thread.java:748)
</pre></div></td>
<td>42</td>
<td>AER.FMDP_Automation.tests.settings.generalSettings.GeneralSettingsTests@59662a0b</td></tr>
<tr>
<td title='AER.FMDP_Automation.tests.recipient.RecipientTests.recipient_Add()'><b>recipient_Add</b><br>Test class: AER.FMDP_Automation.tests.recipient.RecipientTests<br/>
<a href="#Output-781693896" onClick='toggleBox("Output-781693896", this, "Show output", "Hide output");'>Show output</a>

<a href="#Output-781693896" onClick="toggleAllBoxes();">Show all outputs</a>
<div class='log' id="Output-781693896">
Step 1 = Login to application at : http://172.25.50.64/account/login.aspx and loging in with correct credentails<br/>
Step 2 = Opening Menu & Navigating to Recipient Management and Open Create New Recipient screen<br/>
Step 3 = On Create New Recipient page, adding details, click on Save button<br/>
Step 4 = Searching for added Recipient record and verifying that it has correct details<br/>
FAIL : On Recipient search, no search result appeared!<br/>
</div>
</td>
<td><div><pre>java.lang.AssertionError: null
	at utilities.ExceptionHandler.TakeScreenshotAndLogException(ExceptionHandler.java:27)
	at AER.FMDP_Automation.tests.recipient.RecipientTests.recipient_Add(RecipientTests.java:240)
	at java.util.concurrent.ThreadPoolExecutor.runWorker(ThreadPoolExecutor.java:1149)
	at java.util.concurrent.ThreadPoolExecutor$Worker.run(ThreadPoolExecutor.java:624)
	at java.lang.Thread.run(Thread.java:748)
... Removed 12 stack frames</pre></div><a href='#' onClick='toggleBox("stack-trace781693896", this, "Click to show all stack frames", "Click to hide stack frames")'>Click to show all stack frames</a>
<div class='stack-trace' id='stack-trace781693896'><pre>java.lang.AssertionError: null
	at org.testng.Assert.fail(Assert.java:96)
	at org.testng.Assert.fail(Assert.java:103)
	at utilities.ExceptionHandler.TakeScreenshotAndLogException(ExceptionHandler.java:27)
	at AER.FMDP_Automation.tests.recipient.RecipientTests.recipient_Add(RecipientTests.java:240)
	at sun.reflect.NativeMethodAccessorImpl.invoke0(Native Method)
	at sun.reflect.NativeMethodAccessorImpl.invoke(NativeMethodAccessorImpl.java:62)
	at sun.reflect.DelegatingMethodAccessorImpl.invoke(DelegatingMethodAccessorImpl.java:43)
	at java.lang.reflect.Method.invoke(Method.java:498)
	at org.testng.internal.MethodInvocationHelper.invokeMethod(MethodInvocationHelper.java:124)
	at org.testng.internal.Invoker.invokeMethod(Invoker.java:583)
	at org.testng.internal.Invoker.invokeTestMethod(Invoker.java:719)
	at org.testng.internal.Invoker.invokeTestMethods(Invoker.java:989)
	at org.testng.internal.TestMethodWorker.invokeTestMethods(TestMethodWorker.java:125)
	at org.testng.internal.TestMethodWorker.run(TestMethodWorker.java:109)
	at java.util.concurrent.ThreadPoolExecutor.runWorker(ThreadPoolExecutor.java:1149)
	at java.util.concurrent.ThreadPoolExecutor$Worker.run(ThreadPoolExecutor.java:624)
	at java.lang.Thread.run(Thread.java:748)
</pre></div></td>
<td>114</td>
<td>AER.FMDP_Automation.tests.recipient.RecipientTests@1a482e36</td></tr>
<tr>
<td title='AER.FMDP_Automation.tests.user.UserTests.user_Add()'><b>user_Add</b><br>Test class: AER.FMDP_Automation.tests.user.UserTests<br/>
<a href="#Output-1497273074" onClick='toggleBox("Output-1497273074", this, "Show output", "Hide output");'>Show output</a>

<a href="#Output-1497273074" onClick="toggleAllBoxes();">Show all outputs</a>
<div class='log' id="Output-1497273074">
Step 1 = Login to application at : http://172.25.50.64/account/login.aspx and loging in with correct credentails<br/>
Step 2 = Opening Menu & Navigating to User Management and Open Create New User screen<br/>
Step 3 = On Create New User page, adding details, click on Save button<br/>
Step 4 = Searching for added User record and verifying that it has correct details<br/>
FAIL : On Supplier search, no search result appeared!<br/>
</div>
</td>
<td><div><pre>java.lang.AssertionError: null
	at utilities.ExceptionHandler.TakeScreenshotAndLogException(ExceptionHandler.java:27)
	at AER.FMDP_Automation.tests.user.UserTests.user_Add(UserTests.java:210)
	at java.util.concurrent.ThreadPoolExecutor.runWorker(ThreadPoolExecutor.java:1149)
	at java.util.concurrent.ThreadPoolExecutor$Worker.run(ThreadPoolExecutor.java:624)
	at java.lang.Thread.run(Thread.java:748)
... Removed 12 stack frames</pre></div><a href='#' onClick='toggleBox("stack-trace1497273074", this, "Click to show all stack frames", "Click to hide stack frames")'>Click to show all stack frames</a>
<div class='stack-trace' id='stack-trace1497273074'><pre>java.lang.AssertionError: null
	at org.testng.Assert.fail(Assert.java:96)
	at org.testng.Assert.fail(Assert.java:103)
	at utilities.ExceptionHandler.TakeScreenshotAndLogException(ExceptionHandler.java:27)
	at AER.FMDP_Automation.tests.user.UserTests.user_Add(UserTests.java:210)
	at sun.reflect.NativeMethodAccessorImpl.invoke0(Native Method)
	at sun.reflect.NativeMethodAccessorImpl.invoke(NativeMethodAccessorImpl.java:62)
	at sun.reflect.DelegatingMethodAccessorImpl.invoke(DelegatingMethodAccessorImpl.java:43)
	at java.lang.reflect.Method.invoke(Method.java:498)
	at org.testng.internal.MethodInvocationHelper.invokeMethod(MethodInvocationHelper.java:124)
	at org.testng.internal.Invoker.invokeMethod(Invoker.java:583)
	at org.testng.internal.Invoker.invokeTestMethod(Invoker.java:719)
	at org.testng.internal.Invoker.invokeTestMethods(Invoker.java:989)
	at org.testng.internal.TestMethodWorker.invokeTestMethods(TestMethodWorker.java:125)
	at org.testng.internal.TestMethodWorker.run(TestMethodWorker.java:109)
	at java.util.concurrent.ThreadPoolExecutor.runWorker(ThreadPoolExecutor.java:1149)
	at java.util.concurrent.ThreadPoolExecutor$Worker.run(ThreadPoolExecutor.java:624)
	at java.lang.Thread.run(Thread.java:748)
</pre></div></td>
<td>116</td>
<td>AER.FMDP_Automation.tests.user.UserTests@67c27493</td></tr>
</table><p>
<table width='100%' border='1' class='invocation-passed'>
<tr><td colspan='4' align='center'><b>PASSED TESTS</b></td></tr>
<tr><td><b>Test method</b></td>
<td width="30%"><b>Exception</b></td>
<td width="10%"><b>Time (seconds)</b></td>
<td><b>Instance</b></td>
</tr>
<tr>
<td title='AER.FMDP_Automation.tests.login.LoginTests.login_ChangePassword()'><b>login_ChangePassword</b><br>Test class: AER.FMDP_Automation.tests.login.LoginTests<br/>
<a href="#Output-1154047977" onClick='toggleBox("Output-1154047977", this, "Show output", "Hide output");'>Show output</a>

<a href="#Output-1154047977" onClick="toggleAllBoxes();">Show all outputs</a>
<div class='log' id="Output-1154047977">
Step 1 = Login to application<br/>
Step 2 = Verify that user is logged in or not<br/>
Step 3 = Click on change password link and performing change password<br/>
Step 4 = Click on logout, and login as new password<br/>
Step 6 = Click on change password and reverting to original password<br/>
Step 7 = Verify that user is logged in or not<br/>
</div>
</td>
<td></td>
<td>29</td>
<td>AER.FMDP_Automation.tests.login.LoginTests@1b7cc17c</td></tr>
<tr>
<td title='AER.FMDP_Automation.tests.login.LoginTests.login_Failure()'><b>login_Failure</b><br>Test class: AER.FMDP_Automation.tests.login.LoginTests<br/>
<a href="#Output-1814119034" onClick='toggleBox("Output-1814119034", this, "Show output", "Hide output");'>Show output</a>

<a href="#Output-1814119034" onClick="toggleAllBoxes();">Show all outputs</a>
<div class='log' id="Output-1814119034">
Step 1 = Login to application at : http://172.25.50.64/account/login.aspx and loging in with incorrect credentails<br/>
Step 2 = Verify the validation message displayed<br/>
</div>
</td>
<td></td>
<td>10</td>
<td>AER.FMDP_Automation.tests.login.LoginTests@1b7cc17c</td></tr>
<tr>
<td title='AER.FMDP_Automation.tests.settings.mnSettings.MNSettingsTests.mnSetting_Add()'><b>mnSetting_Add</b><br>Test class: AER.FMDP_Automation.tests.settings.mnSettings.MNSettingsTests<br/>
<a href="#Output-1936322118" onClick='toggleBox("Output-1936322118", this, "Show output", "Hide output");'>Show output</a>

<a href="#Output-1936322118" onClick="toggleAllBoxes();">Show all outputs</a>
<div class='log' id="Output-1936322118">
Step 1 = Login to application at : http://172.25.50.64/account/login.aspx and loging in with correct credentails<br/>
Step 2 = Opening Menu & Navigating to Settings > M & N Settings<br/>
Step 3 = On Monitoring & Notification Settings page, adding details, click on Save button<br/>
Step 4 = Searching for added Monitoring & Notification settings details and verifying that it has correct details<br/>
</div>
</td>
<td></td>
<td>50</td>
<td>AER.FMDP_Automation.tests.settings.mnSettings.MNSettingsTests@77fbd92c</td></tr>
<tr>
<td title='AER.FMDP_Automation.tests.settings.mnSettings.MNSettingsTests.mnSetting_Update()'><b>mnSetting_Update</b><br>Test class: AER.FMDP_Automation.tests.settings.mnSettings.MNSettingsTests<br/>
<a href="#Output-364010814" onClick='toggleBox("Output-364010814", this, "Show output", "Hide output");'>Show output</a>

<a href="#Output-364010814" onClick="toggleAllBoxes();">Show all outputs</a>
<div class='log' id="Output-364010814">
Step 1 = Editing added generate settings details<br/>
Step 2 = Searching for edited general settings details and verifying that it has correct<br/>
</div>
</td>
<td></td>
<td>10</td>
<td>AER.FMDP_Automation.tests.settings.mnSettings.MNSettingsTests@77fbd92c</td></tr>
</table><p>
<table width='100%' border='1' class='invocation-skipped'>
<tr><td colspan='4' align='center'><b>SKIPPED TESTS</b></td></tr>
<tr><td><b>Test method</b></td>
<td width="30%"><b>Exception</b></td>
<td width="10%"><b>Time (seconds)</b></td>
<td><b>Instance</b></td>
</tr>
<tr>
<td title='AER.FMDP_Automation.tests.settings.generalSettings.GeneralSettingsTests.generalSetting_Update()'><b>generalSetting_Update</b><br>Test class: AER.FMDP_Automation.tests.settings.generalSettings.GeneralSettingsTests</td>
<td><div><pre>java.lang.Throwable: Method GeneralSettingsTests.generalSetting_Update()[pri:2, instance:AER.FMDP_Automation.tests.settings.generalSettings.GeneralSettingsTests@59662a0b] depends on not successfully finished methods
	at java.util.concurrent.ThreadPoolExecutor.runWorker(ThreadPoolExecutor.java:1149)
	at java.util.concurrent.ThreadPoolExecutor$Worker.run(ThreadPoolExecutor.java:624)
	at java.lang.Thread.run(Thread.java:748)
... Removed 3 stack frames</pre></div><a href='#' onClick='toggleBox("stack-trace1729819369", this, "Click to show all stack frames", "Click to hide stack frames")'>Click to show all stack frames</a>
<div class='stack-trace' id='stack-trace1729819369'><pre>java.lang.Throwable: Method GeneralSettingsTests.generalSetting_Update()[pri:2, instance:AER.FMDP_Automation.tests.settings.generalSettings.GeneralSettingsTests@59662a0b] depends on not successfully finished methods
	at org.testng.internal.Invoker.invokeTestMethods(Invoker.java:888)
	at org.testng.internal.TestMethodWorker.invokeTestMethods(TestMethodWorker.java:125)
	at org.testng.internal.TestMethodWorker.run(TestMethodWorker.java:109)
	at java.util.concurrent.ThreadPoolExecutor.runWorker(ThreadPoolExecutor.java:1149)
	at java.util.concurrent.ThreadPoolExecutor$Worker.run(ThreadPoolExecutor.java:624)
	at java.lang.Thread.run(Thread.java:748)
</pre></div></td>
<td>0</td>
<td>null</td></tr>
<tr>
<td title='AER.FMDP_Automation.tests.recipient.RecipientTests.recipient_Delete()'><b>recipient_Delete</b><br>Test class: AER.FMDP_Automation.tests.recipient.RecipientTests</td>
<td><div><pre>java.lang.Throwable: Method RecipientTests.recipient_Delete()[pri:4, instance:AER.FMDP_Automation.tests.recipient.RecipientTests@1a482e36] depends on not successfully finished methods
	at java.util.concurrent.ThreadPoolExecutor.runWorker(ThreadPoolExecutor.java:1149)
	at java.util.concurrent.ThreadPoolExecutor$Worker.run(ThreadPoolExecutor.java:624)
	at java.lang.Thread.run(Thread.java:748)
... Removed 3 stack frames</pre></div><a href='#' onClick='toggleBox("stack-trace1227149106", this, "Click to show all stack frames", "Click to hide stack frames")'>Click to show all stack frames</a>
<div class='stack-trace' id='stack-trace1227149106'><pre>java.lang.Throwable: Method RecipientTests.recipient_Delete()[pri:4, instance:AER.FMDP_Automation.tests.recipient.RecipientTests@1a482e36] depends on not successfully finished methods
	at org.testng.internal.Invoker.invokeTestMethods(Invoker.java:888)
	at org.testng.internal.TestMethodWorker.invokeTestMethods(TestMethodWorker.java:125)
	at org.testng.internal.TestMethodWorker.run(TestMethodWorker.java:109)
	at java.util.concurrent.ThreadPoolExecutor.runWorker(ThreadPoolExecutor.java:1149)
	at java.util.concurrent.ThreadPoolExecutor$Worker.run(ThreadPoolExecutor.java:624)
	at java.lang.Thread.run(Thread.java:748)
</pre></div></td>
<td>0</td>
<td>null</td></tr>
<tr>
<td title='AER.FMDP_Automation.tests.recipient.RecipientTests.recipient_Inactive()'><b>recipient_Inactive</b><br>Test class: AER.FMDP_Automation.tests.recipient.RecipientTests</td>
<td><div><pre>java.lang.Throwable: Method RecipientTests.recipient_Inactive()[pri:3, instance:AER.FMDP_Automation.tests.recipient.RecipientTests@1a482e36] depends on not successfully finished methods
	at java.util.concurrent.ThreadPoolExecutor.runWorker(ThreadPoolExecutor.java:1149)
	at java.util.concurrent.ThreadPoolExecutor$Worker.run(ThreadPoolExecutor.java:624)
	at java.lang.Thread.run(Thread.java:748)
... Removed 3 stack frames</pre></div><a href='#' onClick='toggleBox("stack-trace1895909953", this, "Click to show all stack frames", "Click to hide stack frames")'>Click to show all stack frames</a>
<div class='stack-trace' id='stack-trace1895909953'><pre>java.lang.Throwable: Method RecipientTests.recipient_Inactive()[pri:3, instance:AER.FMDP_Automation.tests.recipient.RecipientTests@1a482e36] depends on not successfully finished methods
	at org.testng.internal.Invoker.invokeTestMethods(Invoker.java:888)
	at org.testng.internal.TestMethodWorker.invokeTestMethods(TestMethodWorker.java:125)
	at org.testng.internal.TestMethodWorker.run(TestMethodWorker.java:109)
	at java.util.concurrent.ThreadPoolExecutor.runWorker(ThreadPoolExecutor.java:1149)
	at java.util.concurrent.ThreadPoolExecutor$Worker.run(ThreadPoolExecutor.java:624)
	at java.lang.Thread.run(Thread.java:748)
</pre></div></td>
<td>0</td>
<td>null</td></tr>
<tr>
<td title='AER.FMDP_Automation.tests.recipient.RecipientTests.recipient_Update()'><b>recipient_Update</b><br>Test class: AER.FMDP_Automation.tests.recipient.RecipientTests</td>
<td><div><pre>java.lang.Throwable: Method RecipientTests.recipient_Update()[pri:2, instance:AER.FMDP_Automation.tests.recipient.RecipientTests@1a482e36] depends on not successfully finished methods
	at java.util.concurrent.ThreadPoolExecutor.runWorker(ThreadPoolExecutor.java:1149)
	at java.util.concurrent.ThreadPoolExecutor$Worker.run(ThreadPoolExecutor.java:624)
	at java.lang.Thread.run(Thread.java:748)
... Removed 3 stack frames</pre></div><a href='#' onClick='toggleBox("stack-trace1944267672", this, "Click to show all stack frames", "Click to hide stack frames")'>Click to show all stack frames</a>
<div class='stack-trace' id='stack-trace1944267672'><pre>java.lang.Throwable: Method RecipientTests.recipient_Update()[pri:2, instance:AER.FMDP_Automation.tests.recipient.RecipientTests@1a482e36] depends on not successfully finished methods
	at org.testng.internal.Invoker.invokeTestMethods(Invoker.java:888)
	at org.testng.internal.TestMethodWorker.invokeTestMethods(TestMethodWorker.java:125)
	at org.testng.internal.TestMethodWorker.run(TestMethodWorker.java:109)
	at java.util.concurrent.ThreadPoolExecutor.runWorker(ThreadPoolExecutor.java:1149)
	at java.util.concurrent.ThreadPoolExecutor$Worker.run(ThreadPoolExecutor.java:624)
	at java.lang.Thread.run(Thread.java:748)
</pre></div></td>
<td>0</td>
<td>null</td></tr>
<tr>
<td title='AER.FMDP_Automation.tests.user.UserTests.user_Delete()'><b>user_Delete</b><br>Test class: AER.FMDP_Automation.tests.user.UserTests</td>
<td><div><pre>java.lang.Throwable: Method UserTests.user_Delete()[pri:4, instance:AER.FMDP_Automation.tests.user.UserTests@67c27493] depends on not successfully finished methods
	at java.util.concurrent.ThreadPoolExecutor.runWorker(ThreadPoolExecutor.java:1149)
	at java.util.concurrent.ThreadPoolExecutor$Worker.run(ThreadPoolExecutor.java:624)
	at java.lang.Thread.run(Thread.java:748)
... Removed 3 stack frames</pre></div><a href='#' onClick='toggleBox("stack-trace1882147360", this, "Click to show all stack frames", "Click to hide stack frames")'>Click to show all stack frames</a>
<div class='stack-trace' id='stack-trace1882147360'><pre>java.lang.Throwable: Method UserTests.user_Delete()[pri:4, instance:AER.FMDP_Automation.tests.user.UserTests@67c27493] depends on not successfully finished methods
	at org.testng.internal.Invoker.invokeTestMethods(Invoker.java:888)
	at org.testng.internal.TestMethodWorker.invokeTestMethods(TestMethodWorker.java:125)
	at org.testng.internal.TestMethodWorker.run(TestMethodWorker.java:109)
	at java.util.concurrent.ThreadPoolExecutor.runWorker(ThreadPoolExecutor.java:1149)
	at java.util.concurrent.ThreadPoolExecutor$Worker.run(ThreadPoolExecutor.java:624)
	at java.lang.Thread.run(Thread.java:748)
</pre></div></td>
<td>0</td>
<td>null</td></tr>
<tr>
<td title='AER.FMDP_Automation.tests.user.UserTests.user_Inactive()'><b>user_Inactive</b><br>Test class: AER.FMDP_Automation.tests.user.UserTests</td>
<td><div><pre>java.lang.Throwable: Method UserTests.user_Inactive()[pri:3, instance:AER.FMDP_Automation.tests.user.UserTests@67c27493] depends on not successfully finished methods
	at java.util.concurrent.ThreadPoolExecutor.runWorker(ThreadPoolExecutor.java:1149)
	at java.util.concurrent.ThreadPoolExecutor$Worker.run(ThreadPoolExecutor.java:624)
	at java.lang.Thread.run(Thread.java:748)
... Removed 3 stack frames</pre></div><a href='#' onClick='toggleBox("stack-trace1839564783", this, "Click to show all stack frames", "Click to hide stack frames")'>Click to show all stack frames</a>
<div class='stack-trace' id='stack-trace1839564783'><pre>java.lang.Throwable: Method UserTests.user_Inactive()[pri:3, instance:AER.FMDP_Automation.tests.user.UserTests@67c27493] depends on not successfully finished methods
	at org.testng.internal.Invoker.invokeTestMethods(Invoker.java:888)
	at org.testng.internal.TestMethodWorker.invokeTestMethods(TestMethodWorker.java:125)
	at org.testng.internal.TestMethodWorker.run(TestMethodWorker.java:109)
	at java.util.concurrent.ThreadPoolExecutor.runWorker(ThreadPoolExecutor.java:1149)
	at java.util.concurrent.ThreadPoolExecutor$Worker.run(ThreadPoolExecutor.java:624)
	at java.lang.Thread.run(Thread.java:748)
</pre></div></td>
<td>0</td>
<td>null</td></tr>
<tr>
<td title='AER.FMDP_Automation.tests.user.UserTests.user_Update()'><b>user_Update</b><br>Test class: AER.FMDP_Automation.tests.user.UserTests</td>
<td><div><pre>java.lang.Throwable: Method UserTests.user_Update()[pri:2, instance:AER.FMDP_Automation.tests.user.UserTests@67c27493] depends on not successfully finished methods
	at java.util.concurrent.ThreadPoolExecutor.runWorker(ThreadPoolExecutor.java:1149)
	at java.util.concurrent.ThreadPoolExecutor$Worker.run(ThreadPoolExecutor.java:624)
	at java.lang.Thread.run(Thread.java:748)
... Removed 3 stack frames</pre></div><a href='#' onClick='toggleBox("stack-trace1888549676", this, "Click to show all stack frames", "Click to hide stack frames")'>Click to show all stack frames</a>
<div class='stack-trace' id='stack-trace1888549676'><pre>java.lang.Throwable: Method UserTests.user_Update()[pri:2, instance:AER.FMDP_Automation.tests.user.UserTests@67c27493] depends on not successfully finished methods
	at org.testng.internal.Invoker.invokeTestMethods(Invoker.java:888)
	at org.testng.internal.TestMethodWorker.invokeTestMethods(TestMethodWorker.java:125)
	at org.testng.internal.TestMethodWorker.run(TestMethodWorker.java:109)
	at java.util.concurrent.ThreadPoolExecutor.runWorker(ThreadPoolExecutor.java:1149)
	at java.util.concurrent.ThreadPoolExecutor$Worker.run(ThreadPoolExecutor.java:624)
	at java.lang.Thread.run(Thread.java:748)
</pre></div></td>
<td>0</td>
<td>null</td></tr>
</table><p>
</body>
</html>