<?xml version="1.0" encoding="UTF-8"?>
<!-- Generated by org.testng.reporters.JUnitXMLReporter -->
<testsuite hostname="KalpeshT-W10" ignored="0" name="RunningOnChrome" tests="14" failures="3" timestamp="23 Sep 2019 06:47:03 GMT" time="197.929" errors="0">
  <testcase name="login_Failure" time="10.6" classname="AER.FMDP_Automation.tests.login.LoginTests"/>
  <testcase name="generalSetting_Add" time="42.044" classname="AER.FMDP_Automation.tests.settings.generalSettings.GeneralSettingsTests">
    <failure type="org.openqa.selenium.UnhandledAlertException" message="unexpected alert open: {Alert text : Run time is not greater than or equals to End time.}
  (Session info: chrome=77.0.3865.90)
  (Driver info: chromedriver=2.43.600210 (68dcf5eebde37173d4027fa8635e332711d2874a),platform=Windows NT 10.0.14393 x86_64) (WARNING: The server did not provide any stacktrace information)
Command duration or timeout: 0 milliseconds: null
Build info: version: &amp;apos;3.14.0&amp;apos;, revision: &amp;apos;aacccce0&amp;apos;, time: &amp;apos;2018-08-02T20:19:58.91Z&amp;apos;
System info: host: &amp;apos;KALPESHT-W10&amp;apos;, ip: &amp;apos;172.25.50.55&amp;apos;, os.name: &amp;apos;Windows 10&amp;apos;, os.arch: &amp;apos;amd64&amp;apos;, os.version: &amp;apos;10.0&amp;apos;, java.version: &amp;apos;1.8.0_161&amp;apos;
Driver info: org.openqa.selenium.chrome.ChromeDriver
Capabilities {acceptInsecureCerts: false, acceptSslCerts: false, applicationCacheEnabled: false, browserConnectionEnabled: false, browserName: chrome, chrome: {chromedriverVersion: 2.43.600210 (68dcf5eebde371..., userDataDir: C:\Users\kalpesht\AppData\L...}, cssSelectorsEnabled: true, databaseEnabled: false, goog:chromeOptions: {debuggerAddress: localhost:57776}, handlesAlerts: true, hasTouchScreen: false, javascriptEnabled: true, locationContextEnabled: true, mobileEmulationEnabled: false, nativeEvents: true, networkConnectionEnabled: false, pageLoadStrategy: normal, platform: XP, platformName: XP, rotatable: false, setWindowRect: true, takesHeapSnapshot: true, takesScreenshot: true, unexpectedAlertBehaviour: , unhandledPromptBehavior: , version: 77.0.3865.90, webStorageEnabled: true}
Session ID: 23686d9168669578ef37ed506a5f4b50">
      <![CDATA[org.openqa.selenium.UnhandledAlertException: unexpected alert open: {Alert text : Run time is not greater than or equals to End time.}
  (Session info: chrome=77.0.3865.90)
  (Driver info: chromedriver=2.43.600210 (68dcf5eebde37173d4027fa8635e332711d2874a),platform=Windows NT 10.0.14393 x86_64) (WARNING: The server did not provide any stacktrace information)
Command duration or timeout: 0 milliseconds: null
Build info: version: '3.14.0', revision: 'aacccce0', time: '2018-08-02T20:19:58.91Z'
System info: host: 'KALPESHT-W10', ip: '172.25.50.55', os.name: 'Windows 10', os.arch: 'amd64', os.version: '10.0', java.version: '1.8.0_161'
Driver info: org.openqa.selenium.chrome.ChromeDriver
Capabilities {acceptInsecureCerts: false, acceptSslCerts: false, applicationCacheEnabled: false, browserConnectionEnabled: false, browserName: chrome, chrome: {chromedriverVersion: 2.43.600210 (68dcf5eebde371..., userDataDir: C:\Users\kalpesht\AppData\L...}, cssSelectorsEnabled: true, databaseEnabled: false, goog:chromeOptions: {debuggerAddress: localhost:57776}, handlesAlerts: true, hasTouchScreen: false, javascriptEnabled: true, locationContextEnabled: true, mobileEmulationEnabled: false, nativeEvents: true, networkConnectionEnabled: false, pageLoadStrategy: normal, platform: XP, platformName: XP, rotatable: false, setWindowRect: true, takesHeapSnapshot: true, takesScreenshot: true, unexpectedAlertBehaviour: , unhandledPromptBehavior: , version: 77.0.3865.90, webStorageEnabled: true}
Session ID: 23686d9168669578ef37ed506a5f4b50
at org.openqa.selenium.remote.ErrorHandler.createThrowable(ErrorHandler.java:214)
at org.openqa.selenium.remote.ErrorHandler.throwIfResponseFailed(ErrorHandler.java:172)
at org.openqa.selenium.remote.http.JsonHttpResponseCodec.reconstructValue(JsonHttpResponseCodec.java:40)
at org.openqa.selenium.remote.http.AbstractHttpResponseCodec.decode(AbstractHttpResponseCodec.java:80)
at org.openqa.selenium.remote.http.AbstractHttpResponseCodec.decode(AbstractHttpResponseCodec.java:44)
at org.openqa.selenium.remote.HttpCommandExecutor.execute(HttpCommandExecutor.java:158)
at org.openqa.selenium.remote.service.DriverCommandExecutor.execute(DriverCommandExecutor.java:83)
at org.openqa.selenium.remote.RemoteWebDriver.execute(RemoteWebDriver.java:548)
at org.openqa.selenium.remote.RemoteWebDriver.execute(RemoteWebDriver.java:605)
at org.openqa.selenium.remote.RemoteWebDriver.getScreenshotAs(RemoteWebDriver.java:294)
at utilities.SeleniumHelpers.takeScreenshot(SeleniumHelpers.java:34)
at utilities.ExceptionHandler.TakeScreenshotAndLogException(ExceptionHandler.java:25)
at AER.FMDP_Automation.tests.settings.generalSettings.GeneralSettingsTests.generalSetting_Add(GeneralSettingsTests.java:158)
at java.util.concurrent.ThreadPoolExecutor.runWorker(ThreadPoolExecutor.java:1149)
at java.util.concurrent.ThreadPoolExecutor$Worker.run(ThreadPoolExecutor.java:624)
at java.lang.Thread.run(Thread.java:748)
... Removed 14 stack frames]]>
    </failure>
  </testcase> <!-- generalSetting_Add -->
  <testcase name="mnSetting_Add" time="50.113" classname="AER.FMDP_Automation.tests.settings.mnSettings.MNSettingsTests"/>
  <testcase name="user_Add" time="116.848" classname="AER.FMDP_Automation.tests.user.UserTests">
    <failure type="java.lang.AssertionError" message="null">
      <![CDATA[java.lang.AssertionError: null
at utilities.ExceptionHandler.TakeScreenshotAndLogException(ExceptionHandler.java:27)
at AER.FMDP_Automation.tests.user.UserTests.user_Add(UserTests.java:210)
at java.util.concurrent.ThreadPoolExecutor.runWorker(ThreadPoolExecutor.java:1149)
at java.util.concurrent.ThreadPoolExecutor$Worker.run(ThreadPoolExecutor.java:624)
at java.lang.Thread.run(Thread.java:748)
... Removed 12 stack frames]]>
    </failure>
  </testcase> <!-- user_Add -->
  <testcase name="recipient_Add" time="114.878" classname="AER.FMDP_Automation.tests.recipient.RecipientTests">
    <failure type="java.lang.AssertionError" message="null">
      <![CDATA[java.lang.AssertionError: null
at utilities.ExceptionHandler.TakeScreenshotAndLogException(ExceptionHandler.java:27)
at AER.FMDP_Automation.tests.recipient.RecipientTests.recipient_Add(RecipientTests.java:240)
at java.util.concurrent.ThreadPoolExecutor.runWorker(ThreadPoolExecutor.java:1149)
at java.util.concurrent.ThreadPoolExecutor$Worker.run(ThreadPoolExecutor.java:624)
at java.lang.Thread.run(Thread.java:748)
... Removed 12 stack frames]]>
    </failure>
  </testcase> <!-- recipient_Add -->
  <testcase name="generalSetting_Update" time="0.0" classname="AER.FMDP_Automation.tests.settings.generalSettings.GeneralSettingsTests">
    <skipped/>
  </testcase> <!-- generalSetting_Update -->
  <testcase name="user_Update" time="0.0" classname="AER.FMDP_Automation.tests.user.UserTests">
    <skipped/>
  </testcase> <!-- user_Update -->
  <testcase name="recipient_Update" time="0.0" classname="AER.FMDP_Automation.tests.recipient.RecipientTests">
    <skipped/>
  </testcase> <!-- recipient_Update -->
  <testcase name="mnSetting_Update" time="10.827" classname="AER.FMDP_Automation.tests.settings.mnSettings.MNSettingsTests"/>
  <testcase name="login_ChangePassword" time="29.189" classname="AER.FMDP_Automation.tests.login.LoginTests"/>
  <testcase name="user_Inactive" time="0.0" classname="AER.FMDP_Automation.tests.user.UserTests">
    <skipped/>
  </testcase> <!-- user_Inactive -->
  <testcase name="recipient_Inactive" time="0.0" classname="AER.FMDP_Automation.tests.recipient.RecipientTests">
    <skipped/>
  </testcase> <!-- recipient_Inactive -->
  <testcase name="user_Delete" time="0.0" classname="AER.FMDP_Automation.tests.user.UserTests">
    <skipped/>
  </testcase> <!-- user_Delete -->
  <testcase name="recipient_Delete" time="0.0" classname="AER.FMDP_Automation.tests.recipient.RecipientTests">
    <skipped/>
  </testcase> <!-- recipient_Delete -->
</testsuite> <!-- RunningOnChrome -->
